Running in verbose mode

-----------------------------------------------------------------
  pg_upgrade run on Sat Mar 25 18:04:36 2017
-----------------------------------------------------------------

check for "/usr/local/Cellar/postgresql/9.4.4/bin" failed: No such file or directory


-----------------------------------------------------------------
  pg_upgrade run on Sat Mar 25 18:22:35 2017
-----------------------------------------------------------------

You must identify the directory where the old cluster binaries reside.
Please use the -b command-line option or the PGBINOLD environment variable.

-----------------------------------------------------------------
  pg_upgrade run on Sat Mar 25 18:30:04 2017
-----------------------------------------------------------------

You must identify the directory where the old cluster binaries reside.
Please use the -b command-line option or the PGBINOLD environment variable.
Running in verbose mode

-----------------------------------------------------------------
  pg_upgrade run on Sat Mar 25 18:30:16 2017
-----------------------------------------------------------------

check for "/usr/local/Cellar/postgresql/9.4.5_2/bin" failed: No such file or directory

